<?xml version="1.0" encoding="UTF-8"?>
<testsuite xmlns:xsi="http://www.w3.org/2001/XMLSchema-instance" xsi:noNamespaceSchemaLocation="https://maven.apache.org/surefire/maven-surefire-plugin/xsd/surefire-test-report-3.0.xsd" version="3.0" name="com.learn.springboot.myfirstwebapp.MyfirstwebappApplicationTests" time="2.872" tests="1" errors="0" skipped="0" failures="0">
  <properties>
[...]
</properties>
  <testcase name="contextLoads" classname="com.learn.springboot.myfirstwebapp.MyfirstwebappApplicationTests" time="0.991">
    <system-out><![CDATA[21:15:07.670 [main] INFO org.springframework.test.context.support.AnnotationConfigContextLoaderUtils -- Could not detect default configuration classes for test class [com.learn.springboot.myfirstwebapp.MyfirstwebappApplicationTests]: MyfirstwebappApplicationTests does not declare any static, non-private, non-final, nested classes annotated with @Configuration.
21:15:07.764 [main] INFO org.springframework.boot.test.context.SpringBootTestContextBootstrapper -- Found @SpringBootConfiguration com.learn.springboot.myfirstwebapp.MyfirstwebappApplication for test class com.learn.springboot.myfirstwebapp.MyfirstwebappApplicationTests

  .   ____          _            __ _ _
 /\\ / ___'_ __ _ _(_)_ __  __ _ \ \ \ \
( ( )\___ | '_ | '_| | '_ \/ _` | \ \ \ \
 \\/  ___)| |_)| | | | | || (_| |  ) ) ) )
  '  |____| .__|_| |_|_| |_\__, | / / / /
 =========|_|==============|___/=/_/_/_/
 :: Spring Boot ::                (v3.1.0)

2023-05-25T21:15:08.229+05:30  INFO 25180 --- [           main] c.l.s.m.MyfirstwebappApplicationTests    : Starting MyfirstwebappApplicationTests using Java 17.0.7 with PID 25180 (started by HP in C:\Users\HP\Downloads\myfirstwebapp\myfirstwebapp)
2023-05-25T21:15:08.230+05:30 DEBUG 25180 --- [           main] c.l.s.m.MyfirstwebappApplicationTests    : Running with Spring Boot v3.1.0, Spring v6.0.9
2023-05-25T21:15:08.231+05:30  INFO 25180 --- [           main] c.l.s.m.MyfirstwebappApplicationTests    : No active profile set, falling back to 1 default profile: "default"
2023-05-25T21:15:09.378+05:30  INFO 25180 --- [           main] c.l.s.m.MyfirstwebappApplicationTests    : Started MyfirstwebappApplicationTests in 1.459 seconds (process running for 2.717)
]]></system-out>
  </testcase>
</testsuite>